{"/Users/dxq/work/fe/src/pages/eventPipeline/utils/normalizeValues.ts": {"path":"/Users/dxq/work/fe/src/pages/eventPipeline/utils/normalizeValues.ts","all":false,"statementMap":{"0":{"start":{"line":1,"column":0},"end":{"line":1,"column":23}},"1":{"start":{"line":2,"column":0},"end":{"line":2,"column":0}},"2":{"start":{"line":3,"column":0},"end":{"line":3,"column":32}},"3":{"start":{"line":4,"column":0},"end":{"line":4,"column":22}},"4":{"start":{"line":5,"column":0},"end":{"line":5,"column":14}},"5":{"start":{"line":6,"column":0},"end":{"line":6,"column":16}},"6":{"start":{"line":7,"column":0},"end":{"line":7,"column":1}},"7":{"start":{"line":8,"column":0},"end":{"line":8,"column":0}},"8":{"start":{"line":9,"column":0},"end":{"line":9,"column":56}},"9":{"start":{"line":10,"column":0},"end":{"line":10,"column":31}},"10":{"start":{"line":11,"column":0},"end":{"line":11,"column":10}},"11":{"start":{"line":12,"column":0},"end":{"line":12,"column":14}},"12":{"start":{"line":13,"column":0},"end":{"line":13,"column":62}},"13":{"start":{"line":14,"column":0},"end":{"line":14,"column":45}},"14":{"start":{"line":15,"column":0},"end":{"line":15,"column":100}},"15":{"start":{"line":16,"column":0},"end":{"line":16,"column":108}},"16":{"start":{"line":17,"column":0},"end":{"line":17,"column":7}},"17":{"start":{"line":18,"column":0},"end":{"line":18,"column":79}},"18":{"start":{"line":19,"column":0},"end":{"line":19,"column":122}},"19":{"start":{"line":20,"column":0},"end":{"line":20,"column":7}},"20":{"start":{"line":21,"column":0},"end":{"line":21,"column":88}},"21":{"start":{"line":22,"column":0},"end":{"line":22,"column":138}},"22":{"start":{"line":23,"column":0},"end":{"line":23,"column":7}},"23":{"start":{"line":24,"column":0},"end":{"line":24,"column":14}},"24":{"start":{"line":25,"column":0},"end":{"line":25,"column":21}},"25":{"start":{"line":26,"column":0},"end":{"line":26,"column":15}},"26":{"start":{"line":27,"column":0},"end":{"line":27,"column":8}},"27":{"start":{"line":28,"column":0},"end":{"line":28,"column":7}},"28":{"start":{"line":29,"column":0},"end":{"line":29,"column":4}},"29":{"start":{"line":30,"column":0},"end":{"line":30,"column":1}},"30":{"start":{"line":31,"column":0},"end":{"line":31,"column":0}},"31":{"start":{"line":32,"column":0},"end":{"line":32,"column":59}},"32":{"start":{"line":33,"column":0},"end":{"line":33,"column":31}},"33":{"start":{"line":34,"column":0},"end":{"line":34,"column":10}},"34":{"start":{"line":35,"column":0},"end":{"line":35,"column":14}},"35":{"start":{"line":36,"column":0},"end":{"line":36,"column":62}},"36":{"start":{"line":37,"column":0},"end":{"line":37,"column":45}},"37":{"start":{"line":38,"column":0},"end":{"line":38,"column":100}},"38":{"start":{"line":39,"column":0},"end":{"line":39,"column":92}},"39":{"start":{"line":40,"column":0},"end":{"line":40,"column":14}},"40":{"start":{"line":41,"column":0},"end":{"line":41,"column":16}},"41":{"start":{"line":42,"column":0},"end":{"line":42,"column":12}},"42":{"start":{"line":43,"column":0},"end":{"line":43,"column":7}},"43":{"start":{"line":44,"column":0},"end":{"line":44,"column":79}},"44":{"start":{"line":45,"column":0},"end":{"line":45,"column":106}},"45":{"start":{"line":46,"column":0},"end":{"line":46,"column":14}},"46":{"start":{"line":47,"column":0},"end":{"line":47,"column":16}},"47":{"start":{"line":48,"column":0},"end":{"line":48,"column":12}},"48":{"start":{"line":49,"column":0},"end":{"line":49,"column":7}},"49":{"start":{"line":50,"column":0},"end":{"line":50,"column":88}},"50":{"start":{"line":51,"column":0},"end":{"line":51,"column":122}},"51":{"start":{"line":52,"column":0},"end":{"line":52,"column":14}},"52":{"start":{"line":53,"column":0},"end":{"line":53,"column":16}},"53":{"start":{"line":54,"column":0},"end":{"line":54,"column":12}},"54":{"start":{"line":55,"column":0},"end":{"line":55,"column":7}},"55":{"start":{"line":56,"column":0},"end":{"line":56,"column":14}},"56":{"start":{"line":57,"column":0},"end":{"line":57,"column":21}},"57":{"start":{"line":58,"column":0},"end":{"line":58,"column":15}},"58":{"start":{"line":59,"column":0},"end":{"line":59,"column":8}},"59":{"start":{"line":60,"column":0},"end":{"line":60,"column":7}},"60":{"start":{"line":61,"column":0},"end":{"line":61,"column":4}},"61":{"start":{"line":62,"column":0},"end":{"line":62,"column":1}}},"s":{"0":1,"1":1,"2":1,"3":1,"4":1,"5":1,"6":1,"7":1,"8":6,"9":6,"10":6,"11":6,"12":6,"13":6,"14":6,"15":5,"16":5,"17":6,"18":1,"19":1,"20":6,"21":1,"22":1,"23":6,"24":6,"25":6,"26":6,"27":6,"28":6,"29":6,"30":1,"31":4,"32":4,"33":4,"34":4,"35":4,"36":4,"37":4,"38":4,"39":4,"40":4,"41":4,"42":4,"43":4,"44":0,"45":0,"46":0,"47":0,"48":0,"49":4,"50":0,"51":0,"52":0,"53":0,"54":0,"55":4,"56":4,"57":4,"58":4,"59":4,"60":4,"61":4},"branchMap":{"0":{"type":"branch","line":9,"loc":{"start":{"line":9,"column":0},"end":{"line":30,"column":1}},"locations":[{"start":{"line":9,"column":0},"end":{"line":30,"column":1}}]},"1":{"type":"branch","line":13,"loc":{"start":{"line":13,"column":41},"end":{"line":28,"column":5}},"locations":[{"start":{"line":13,"column":41},"end":{"line":28,"column":5}}]},"2":{"type":"branch","line":14,"loc":{"start":{"line":14,"column":38},"end":{"line":14,"column":44}},"locations":[{"start":{"line":14,"column":38},"end":{"line":14,"column":44}}]},"3":{"type":"branch","line":15,"loc":{"start":{"line":15,"column":80},"end":{"line":15,"column":97}},"locations":[{"start":{"line":15,"column":80},"end":{"line":15,"column":97}}]},"4":{"type":"branch","line":15,"loc":{"start":{"line":15,"column":99},"end":{"line":17,"column":7}},"locations":[{"start":{"line":15,"column":99},"end":{"line":17,"column":7}}]},"5":{"type":"branch","line":18,"loc":{"start":{"line":18,"column":52},"end":{"line":18,"column":76}},"locations":[{"start":{"line":18,"column":52},"end":{"line":18,"column":76}}]},"6":{"type":"branch","line":18,"loc":{"start":{"line":18,"column":78},"end":{"line":20,"column":7}},"locations":[{"start":{"line":18,"column":78},"end":{"line":20,"column":7}}]},"7":{"type":"branch","line":21,"loc":{"start":{"line":21,"column":52},"end":{"line":21,"column":85}},"locations":[{"start":{"line":21,"column":52},"end":{"line":21,"column":85}}]},"8":{"type":"branch","line":21,"loc":{"start":{"line":21,"column":87},"end":{"line":23,"column":7}},"locations":[{"start":{"line":21,"column":87},"end":{"line":23,"column":7}}]},"9":{"type":"branch","line":16,"loc":{"start":{"line":16,"column":73},"end":{"line":16,"column":105}},"locations":[{"start":{"line":16,"column":73},"end":{"line":16,"column":105}}]},"10":{"type":"branch","line":19,"loc":{"start":{"line":19,"column":87},"end":{"line":19,"column":119}},"locations":[{"start":{"line":19,"column":87},"end":{"line":19,"column":119}}]},"11":{"type":"branch","line":22,"loc":{"start":{"line":22,"column":103},"end":{"line":22,"column":135}},"locations":[{"start":{"line":22,"column":103},"end":{"line":22,"column":135}}]},"12":{"type":"branch","line":32,"loc":{"start":{"line":32,"column":0},"end":{"line":62,"column":1}},"locations":[{"start":{"line":32,"column":0},"end":{"line":62,"column":1}}]},"13":{"type":"branch","line":36,"loc":{"start":{"line":36,"column":41},"end":{"line":60,"column":5}},"locations":[{"start":{"line":36,"column":41},"end":{"line":60,"column":5}}]},"14":{"type":"branch","line":37,"loc":{"start":{"line":37,"column":38},"end":{"line":37,"column":44}},"locations":[{"start":{"line":37,"column":38},"end":{"line":37,"column":44}}]},"15":{"type":"branch","line":44,"loc":{"start":{"line":44,"column":52},"end":{"line":44,"column":76}},"locations":[{"start":{"line":44,"column":52},"end":{"line":44,"column":76}}]},"16":{"type":"branch","line":44,"loc":{"start":{"line":44,"column":78},"end":{"line":49,"column":7}},"locations":[{"start":{"line":44,"column":78},"end":{"line":49,"column":7}}]},"17":{"type":"branch","line":50,"loc":{"start":{"line":50,"column":52},"end":{"line":50,"column":85}},"locations":[{"start":{"line":50,"column":52},"end":{"line":50,"column":85}}]},"18":{"type":"branch","line":50,"loc":{"start":{"line":50,"column":87},"end":{"line":55,"column":7}},"locations":[{"start":{"line":50,"column":87},"end":{"line":55,"column":7}}]},"19":{"type":"branch","line":39,"loc":{"start":{"line":39,"column":74},"end":{"line":42,"column":10}},"locations":[{"start":{"line":39,"column":74},"end":{"line":42,"column":10}}]}},"b":{"0":[6],"1":[6],"2":[0],"3":[5],"4":[5],"5":[1],"6":[1],"7":[1],"8":[1],"9":[5],"10":[1],"11":[1],"12":[4],"13":[4],"14":[0],"15":[0],"16":[0],"17":[0],"18":[0],"19":[4]},"fnMap":{"0":{"name":"normalizeFormValues","decl":{"start":{"line":9,"column":0},"end":{"line":30,"column":1}},"loc":{"start":{"line":9,"column":0},"end":{"line":30,"column":1}},"line":9},"1":{"name":"normalizeInitialValues","decl":{"start":{"line":32,"column":0},"end":{"line":62,"column":1}},"loc":{"start":{"line":32,"column":0},"end":{"line":62,"column":1}},"line":32}},"f":{"0":6,"1":4}}
}
