TN:
SF:src/pages/eventPipeline/utils/normalizeValues.ts
FN:9,normalizeFormValues
FN:32,normalizeInitialValues
FNF:2
FNH:2
FNDA:6,normalizeFormValues
FNDA:4,normalizeInitialValues
DA:1,1
DA:2,1
DA:3,1
DA:4,1
DA:5,1
DA:6,1
DA:7,1
DA:8,1
DA:9,6
DA:10,6
DA:11,6
DA:12,6
DA:13,6
DA:14,6
DA:15,6
DA:16,5
DA:17,5
DA:18,6
DA:19,1
DA:20,1
DA:21,6
DA:22,1
DA:23,1
DA:24,6
DA:25,6
DA:26,6
DA:27,6
DA:28,6
DA:29,6
DA:30,6
DA:31,1
DA:32,4
DA:33,4
DA:34,4
DA:35,4
DA:36,4
DA:37,4
DA:38,4
DA:39,4
DA:40,4
DA:41,4
DA:42,4
DA:43,4
DA:44,4
DA:45,0
DA:46,0
DA:47,0
DA:48,0
DA:49,0
DA:50,4
DA:51,0
DA:52,0
DA:53,0
DA:54,0
DA:55,0
DA:56,4
DA:57,4
DA:58,4
DA:59,4
DA:60,4
DA:61,4
DA:62,4
LF:62
LH:52
BRDA:9,0,0,6
BRDA:13,1,0,6
BRDA:14,2,0,0
BRDA:15,3,0,5
BRDA:15,4,0,5
BRDA:18,5,0,1
BRDA:18,6,0,1
BRDA:21,7,0,1
BRDA:21,8,0,1
BRDA:16,9,0,5
BRDA:19,10,0,1
BRDA:22,11,0,1
BRDA:32,12,0,4
BRDA:36,13,0,4
BRDA:37,14,0,0
BRDA:44,15,0,0
BRDA:44,16,0,0
BRDA:50,17,0,0
BRDA:50,18,0,0
BRDA:39,19,0,4
BRF:20
BRH:14
end_of_record
